c:\users\premiumgraphics\documents\github\directview\cg\vc_mswudll\cube.pdb
c:\users\premiumgraphics\documents\github\directview\cg\vc_mswudll\cube\view.obj
c:\users\premiumgraphics\documents\github\directview\cg\vc_mswudll\cube\tree.obj
c:\users\premiumgraphics\documents\github\directview\cg\vc_mswudll\cube\propertydialog.obj
c:\users\premiumgraphics\documents\github\directview\cg\vc_mswudll\cube\modelingdialog.obj
c:\users\premiumgraphics\documents\github\directview\cg\vc_mswudll\cube\model.obj
c:\users\premiumgraphics\documents\github\directview\cg\vc_mswudll\cube\frame.obj
c:\users\premiumgraphics\documents\github\directview\cg\vc_mswudll\cube\converter.obj
c:\users\premiumgraphics\documents\github\directview\cg\vc_mswudll\cube\app.obj
c:\users\premiumgraphics\documents\github\directview\cg\vc_mswudll\cube\cube.pch
c:\users\premiumgraphics\documents\github\directview\cg\vc_mswudll\cube\stdafx.obj
c:\users\premiumgraphics\documents\github\directview\release\cgstudio.exe
c:\users\premiumgraphics\documents\github\directview\release\cgstudio.pdb
c:\users\premiumgraphics\documents\github\directview\cg\release\cgstudio.res
c:\users\premiumgraphics\documents\github\directview\cg\..\release\cgstudio.exe
c:\users\premiumgraphics\documents\github\directview\cg\release\cgstudio.tlog\cl.command.1.tlog
c:\users\premiumgraphics\documents\github\directview\cg\release\cgstudio.tlog\cl.read.1.tlog
c:\users\premiumgraphics\documents\github\directview\cg\release\cgstudio.tlog\cl.write.1.tlog
c:\users\premiumgraphics\documents\github\directview\cg\release\cgstudio.tlog\link.command.1.tlog
c:\users\premiumgraphics\documents\github\directview\cg\release\cgstudio.tlog\link.read.1.tlog
c:\users\premiumgraphics\documents\github\directview\cg\release\cgstudio.tlog\link.write.1.tlog
c:\users\premiumgraphics\documents\github\directview\cg\release\cgstudio.tlog\rc.command.1.tlog
c:\users\premiumgraphics\documents\github\directview\cg\release\cgstudio.tlog\rc.read.1.tlog
c:\users\premiumgraphics\documents\github\directview\cg\release\cgstudio.tlog\rc.write.1.tlog
